# JRE version: OpenJDK Runtime Environment (8.0_282-b08) (build 1.8.0_282-b08)
# Java VM: OpenJDK 64-Bit Server VM (25.282-b08 mixed mode linux-amd64 compressed oops)
Heap:
 PSYoungGen      total 292864K, used 137353K [0x00000000d8180000, 0x00000000f7600000, 0x0000000100000000)
  eden space 77312K, 0% used [0x00000000d8180000,0x00000000d8180000,0x00000000dcd00000)
  from space 215552K, 63% used [0x00000000ea380000,0x00000000f29a2720,0x00000000f7600000)
  to   space 217600K, 0% used [0x00000000dcd00000,0x00000000dcd00000,0x00000000ea180000)
 ParOldGen       total 700416K, used 700329K [0x0000000088400000, 0x00000000b3000000, 0x00000000d8180000)
  object space 700416K, 99% used [0x0000000088400000,0x00000000b2fea640,0x00000000b3000000)
 Metaspace       used 22129K, capacity 23100K, committed 23296K, reserved 1069056K
  class space    used 2732K, capacity 2952K, committed 3072K, reserved 1048576K
GC Heap History (10 events):
Event: 27,966 GC heap after
Heap after GC invocations=21 (full 4):
 PSYoungGen      total 250368K, used 146784K [0x00000000d8180000, 0x00000000f6080000, 0x0000000100000000)
  eden space 59392K, 0% used [0x00000000d8180000,0x00000000d8180000,0x00000000dbb80000)
  from space 190976K, 76% used [0x00000000dbb80000,0x00000000e4ad8000,0x00000000e7600000)
  to   space 209408K, 0% used [0x00000000e9400000,0x00000000e9400000,0x00000000f6080000)
 ParOldGen       total 504320K, used 423354K [0x0000000088400000, 0x00000000a7080000, 0x00000000d8180000)
  object space 504320K, 83% used [0x0000000088400000,0x00000000a216e848,0x00000000a7080000)
 Metaspace       used 22129K, capacity 23100K, committed 23296K, reserved 1069056K
  class space    used 2732K, capacity 2952K, committed 3072K, reserved 1048576K
}
Event: 28,079 GC heap before
{Heap before GC invocations=22 (full 4):
 PSYoungGen      total 250368K, used 206176K [0x00000000d8180000, 0x00000000f6080000, 0x0000000100000000)
  eden space 59392K, 100% used [0x00000000d8180000,0x00000000dbb80000,0x00000000dbb80000)
  from space 190976K, 76% used [0x00000000dbb80000,0x00000000e4ad8000,0x00000000e7600000)
  to   space 209408K, 0% used [0x00000000e9400000,0x00000000e9400000,0x00000000f6080000)
 ParOldGen       total 504320K, used 423354K [0x0000000088400000, 0x00000000a7080000, 0x00000000d8180000)
  object space 504320K, 83% used [0x0000000088400000,0x00000000a216e848,0x00000000a7080000)
 Metaspace       used 22129K, capacity 23100K, committed 23296K, reserved 1069056K
  class space    used 2732K, capacity 2952K, committed 3072K, reserved 1048576K
Event: 28,566 GC heap after
Heap after GC invocations=22 (full 4):
 PSYoungGen      total 272896K, used 206272K [0x00000000d8180000, 0x00000000f7200000, 0x0000000100000000)
  eden space 63488K, 0% used [0x00000000d8180000,0x00000000d8180000,0x00000000dbf80000)
  from space 209408K, 98% used [0x00000000e9400000,0x00000000f5d70000,0x00000000f6080000)
  to   space 217600K, 0% used [0x00000000dbf80000,0x00000000dbf80000,0x00000000e9400000)
 ParOldGen       total 504320K, used 423354K [0x0000000088400000, 0x00000000a7080000, 0x00000000d8180000)
  object space 504320K, 83% used [0x0000000088400000,0x00000000a216e848,0x00000000a7080000)
 Metaspace       used 22129K, capacity 23100K, committed 23296K, reserved 1069056K
  class space    used 2732K, capacity 2952K, committed 3072K, reserved 1048576K
}
Event: 28,677 GC heap before
{Heap before GC invocations=23 (full 4):
 PSYoungGen      total 272896K, used 269760K [0x00000000d8180000, 0x00000000f7200000, 0x0000000100000000)
  eden space 63488K, 100% used [0x00000000d8180000,0x00000000dbf80000,0x00000000dbf80000)
  from space 209408K, 98% used [0x00000000e9400000,0x00000000f5d70000,0x00000000f6080000)
  to   space 217600K, 0% used [0x00000000dbf80000,0x00000000dbf80000,0x00000000e9400000)
 ParOldGen       total 504320K, used 423354K [0x0000000088400000, 0x00000000a7080000, 0x00000000d8180000)
  object space 504320K, 83% used [0x0000000088400000,0x00000000a216e848,0x00000000a7080000)
 Metaspace       used 22129K, capacity 23100K, committed 23296K, reserved 1069056K
  class space    used 2732K, capacity 2952K, committed 3072K, reserved 1048576K
Event: 29,262 GC heap after
Heap after GC invocations=23 (full 4):
 PSYoungGen      total 281088K, used 217600K [0x00000000d8180000, 0x00000000f7800000, 0x0000000100000000)
  eden space 63488K, 0% used [0x00000000d8180000,0x00000000d8180000,0x00000000dbf80000)
  from space 217600K, 100% used [0x00000000dbf80000,0x00000000e9400000,0x00000000e9400000)
  to   space 217600K, 0% used [0x00000000ea380000,0x00000000ea380000,0x00000000f7800000)
 ParOldGen       total 504320K, used 475698K [0x0000000088400000, 0x00000000a7080000, 0x00000000d8180000)
  object space 504320K, 94% used [0x0000000088400000,0x00000000a548c848,0x00000000a7080000)
 Metaspace       used 22129K, capacity 23100K, committed 23296K, reserved 1069056K
  class space    used 2732K, capacity 2952K, committed 3072K, reserved 1048576K
}
Event: 29,262 GC heap before
{Heap before GC invocations=24 (full 5):
 PSYoungGen      total 281088K, used 217600K [0x00000000d8180000, 0x00000000f7800000, 0x0000000100000000)
  eden space 63488K, 0% used [0x00000000d8180000,0x00000000d8180000,0x00000000dbf80000)
  from space 217600K, 100% used [0x00000000dbf80000,0x00000000e9400000,0x00000000e9400000)
  to   space 217600K, 0% used [0x00000000ea380000,0x00000000ea380000,0x00000000f7800000)
 ParOldGen       total 504320K, used 475698K [0x0000000088400000, 0x00000000a7080000, 0x00000000d8180000)
  object space 504320K, 94% used [0x0000000088400000,0x00000000a548c848,0x00000000a7080000)
 Metaspace       used 22129K, capacity 23100K, committed 23296K, reserved 1069056K
  class space    used 2732K, capacity 2952K, committed 3072K, reserved 1048576K
Event: 32,076 GC heap after
Heap after GC invocations=24 (full 5):
 PSYoungGen      total 281088K, used 152304K [0x00000000d8180000, 0x00000000f7800000, 0x0000000100000000)
  eden space 63488K, 0% used [0x00000000d8180000,0x00000000d8180000,0x00000000dbf80000)
  from space 217600K, 69% used [0x00000000dbf80000,0x00000000e543c120,0x00000000e9400000)
  to   space 217600K, 0% used [0x00000000ea380000,0x00000000ea380000,0x00000000f7800000)
 ParOldGen       total 700416K, used 504019K [0x0000000088400000, 0x00000000b3000000, 0x00000000d8180000)
  object space 700416K, 71% used [0x0000000088400000,0x00000000a7034f88,0x00000000b3000000)
 Metaspace       used 22129K, capacity 23100K, committed 23296K, reserved 1069056K
  class space    used 2732K, capacity 2952K, committed 3072K, reserved 1048576K
}
Event: 32,187 GC heap before
{Heap before GC invocations=25 (full 5):
 PSYoungGen      total 281088K, used 215792K [0x00000000d8180000, 0x00000000f7800000, 0x0000000100000000)
  eden space 63488K, 100% used [0x00000000d8180000,0x00000000dbf80000,0x00000000dbf80000)
  from space 217600K, 69% used [0x00000000dbf80000,0x00000000e543c120,0x00000000e9400000)
  to   space 217600K, 0% used [0x00000000ea380000,0x00000000ea380000,0x00000000f7800000)
 ParOldGen       total 700416K, used 504019K [0x0000000088400000, 0x00000000b3000000, 0x00000000d8180000)
  object space 700416K, 71% used [0x0000000088400000,0x00000000a7034f88,0x00000000b3000000)
 Metaspace       used 22129K, capacity 23100K, committed 23296K, reserved 1069056K
  class space    used 2732K, capacity 2952K, committed 3072K, reserved 1048576K
Event: 32,795 GC heap after
Heap after GC invocations=25 (full 5):
 PSYoungGen      total 292864K, used 158624K [0x00000000d8180000, 0x00000000f7600000, 0x0000000100000000)
  eden space 77312K, 0% used [0x00000000d8180000,0x00000000d8180000,0x00000000dcd00000)
  from space 215552K, 73% used [0x00000000ea380000,0x00000000f3e68000,0x00000000f7600000)
  to   space 217600K, 0% used [0x00000000dcd00000,0x00000000dcd00000,0x00000000ea180000)
 ParOldGen       total 700416K, used 561747K [0x0000000088400000, 0x00000000b3000000, 0x00000000d8180000)
  object space 700416K, 80% used [0x0000000088400000,0x00000000aa894f88,0x00000000b3000000)
 Metaspace       used 22129K, capacity 23100K, committed 23296K, reserved 1069056K
  class space    used 2732K, capacity 2952K, committed 3072K, reserved 1048576K
}
Event: 33,009 GC heap before
{Heap before GC invocations=26 (full 6):
 PSYoungGen      total 292864K, used 235936K [0x00000000d8180000, 0x00000000f7600000, 0x0000000100000000)
  eden space 77312K, 100% used [0x00000000d8180000,0x00000000dcd00000,0x00000000dcd00000)
  from space 215552K, 73% used [0x00000000ea380000,0x00000000f3e68000,0x00000000f7600000)
  to   space 217600K, 0% used [0x00000000dcd00000,0x00000000dcd00000,0x00000000ea180000)
 ParOldGen       total 700416K, used 683433K [0x0000000088400000, 0x00000000b3000000, 0x00000000d8180000)
  object space 700416K, 97% used [0x0000000088400000,0x00000000b1f6a728,0x00000000b3000000)
 Metaspace       used 22129K, capacity 23100K, committed 23296K, reserved 1069056K
  class space    used 2732K, capacity 2952K, committed 3072K, reserved 1048576K

