# JRE version: OpenJDK Runtime Environment (8.0_282-b08) (build 1.8.0_282-b08)
# Java VM: OpenJDK 64-Bit Server VM (25.282-b08 mixed mode linux-amd64 compressed oops)
Heap:
 PSYoungGen      total 243712K, used 0K [0x00000000d8180000, 0x00000000f2700000, 0x0000000100000000)
  eden space 65024K, 0% used [0x00000000d8180000,0x00000000d8180000,0x00000000dc100000)
  from space 178688K, 0% used [0x00000000e7880000,0x00000000e7880000,0x00000000f2700000)
  to   space 183296K, 0% used [0x00000000dc100000,0x00000000dc100000,0x00000000e7400000)
 ParOldGen       total 1045504K, used 1007406K [0x0000000088400000, 0x00000000c8100000, 0x00000000d8180000)
  object space 1045504K, 96% used [0x0000000088400000,0x00000000c5bcbb30,0x00000000c8100000)
 Metaspace       used 21870K, capacity 22812K, committed 23040K, reserved 1069056K
  class space    used 2722K, capacity 2948K, committed 3072K, reserved 1048576K
GC Heap History (10 events):
Event: 67,789 GC heap after
Heap after GC invocations=37 (full 7):
 PSYoungGen      total 250880K, used 26304K [0x00000000d8180000, 0x00000000f3f80000, 0x0000000100000000)
  eden space 47104K, 0% used [0x00000000d8180000,0x00000000d8180000,0x00000000daf80000)
  from space 203776K, 12% used [0x00000000e7880000,0x00000000e9230260,0x00000000f3f80000)
  to   space 204800K, 0% used [0x00000000daf80000,0x00000000daf80000,0x00000000e7780000)
 ParOldGen       total 1045504K, used 776309K [0x0000000088400000, 0x00000000c8100000, 0x00000000d8180000)
  object space 1045504K, 74% used [0x0000000088400000,0x00000000b7a1d550,0x00000000c8100000)
 Metaspace       used 21870K, capacity 22812K, committed 23040K, reserved 1069056K
  class space    used 2722K, capacity 2948K, committed 3072K, reserved 1048576K
}
Event: 67,872 GC heap before
{Heap before GC invocations=38 (full 7):
 PSYoungGen      total 250880K, used 73408K [0x00000000d8180000, 0x00000000f3f80000, 0x0000000100000000)
  eden space 47104K, 100% used [0x00000000d8180000,0x00000000daf80000,0x00000000daf80000)
  from space 203776K, 12% used [0x00000000e7880000,0x00000000e9230260,0x00000000f3f80000)
  to   space 204800K, 0% used [0x00000000daf80000,0x00000000daf80000,0x00000000e7780000)
 ParOldGen       total 1045504K, used 776309K [0x0000000088400000, 0x00000000c8100000, 0x00000000d8180000)
  object space 1045504K, 74% used [0x0000000088400000,0x00000000b7a1d550,0x00000000c8100000)
 Metaspace       used 21870K, capacity 22812K, committed 23040K, reserved 1069056K
  class space    used 2722K, capacity 2948K, committed 3072K, reserved 1048576K
Event: 68,100 GC heap after
Heap after GC invocations=38 (full 7):
 PSYoungGen      total 251904K, used 47328K [0x00000000d8180000, 0x00000000f3c00000, 0x0000000100000000)
  eden space 47104K, 0% used [0x00000000d8180000,0x00000000d8180000,0x00000000daf80000)
  from space 204800K, 23% used [0x00000000daf80000,0x00000000dddb8000,0x00000000e7780000)
  to   space 199168K, 0% used [0x00000000e7980000,0x00000000e7980000,0x00000000f3c00000)
 ParOldGen       total 1045504K, used 802741K [0x0000000088400000, 0x00000000c8100000, 0x00000000d8180000)
  object space 1045504K, 76% used [0x0000000088400000,0x00000000b93ed550,0x00000000c8100000)
 Metaspace       used 21870K, capacity 22812K, committed 23040K, reserved 1069056K
  class space    used 2722K, capacity 2948K, committed 3072K, reserved 1048576K
}
Event: 68,185 GC heap before
{Heap before GC invocations=39 (full 7):
 PSYoungGen      total 251904K, used 94432K [0x00000000d8180000, 0x00000000f3c00000, 0x0000000100000000)
  eden space 47104K, 100% used [0x00000000d8180000,0x00000000daf80000,0x00000000daf80000)
  from space 204800K, 23% used [0x00000000daf80000,0x00000000dddb8000,0x00000000e7780000)
  to   space 199168K, 0% used [0x00000000e7980000,0x00000000e7980000,0x00000000f3c00000)
 ParOldGen       total 1045504K, used 802741K [0x0000000088400000, 0x00000000c8100000, 0x00000000d8180000)
  object space 1045504K, 76% used [0x0000000088400000,0x00000000b93ed550,0x00000000c8100000)
 Metaspace       used 21870K, capacity 22812K, committed 23040K, reserved 1069056K
  class space    used 2722K, capacity 2948K, committed 3072K, reserved 1048576K
Event: 68,397 GC heap after
Heap after GC invocations=39 (full 7):
 PSYoungGen      total 241664K, used 94464K [0x00000000d8180000, 0x00000000f2f80000, 0x0000000100000000)
  eden space 55296K, 0% used [0x00000000d8180000,0x00000000d8180000,0x00000000db780000)
  from space 186368K, 50% used [0x00000000e7980000,0x00000000ed5c0000,0x00000000f2f80000)
  to   space 192512K, 0% used [0x00000000db780000,0x00000000db780000,0x00000000e7380000)
 ParOldGen       total 1045504K, used 802741K [0x0000000088400000, 0x00000000c8100000, 0x00000000d8180000)
  object space 1045504K, 76% used [0x0000000088400000,0x00000000b93ed550,0x00000000c8100000)
 Metaspace       used 21870K, capacity 22812K, committed 23040K, reserved 1069056K
  class space    used 2722K, capacity 2948K, committed 3072K, reserved 1048576K
}
Event: 68,494 GC heap before
{Heap before GC invocations=40 (full 7):
 PSYoungGen      total 241664K, used 149760K [0x00000000d8180000, 0x00000000f2f80000, 0x0000000100000000)
  eden space 55296K, 100% used [0x00000000d8180000,0x00000000db780000,0x00000000db780000)
  from space 186368K, 50% used [0x00000000e7980000,0x00000000ed5c0000,0x00000000f2f80000)
  to   space 192512K, 0% used [0x00000000db780000,0x00000000db780000,0x00000000e7380000)
 ParOldGen       total 1045504K, used 802741K [0x0000000088400000, 0x00000000c8100000, 0x00000000d8180000)
  object space 1045504K, 76% used [0x0000000088400000,0x00000000b93ed550,0x00000000c8100000)
 Metaspace       used 21870K, capacity 22812K, committed 23040K, reserved 1069056K
  class space    used 2722K, capacity 2948K, committed 3072K, reserved 1048576K
Event: 68,857 GC heap after
Heap after GC invocations=40 (full 7):
 PSYoungGen      total 247808K, used 102624K [0x00000000d8180000, 0x00000000f3100000, 0x0000000100000000)
  eden space 55296K, 0% used [0x00000000d8180000,0x00000000d8180000,0x00000000db780000)
  from space 192512K, 53% used [0x00000000db780000,0x00000000e1bb8000,0x00000000e7380000)
  to   space 188928K, 0% used [0x00000000e7880000,0x00000000e7880000,0x00000000f3100000)
 ParOldGen       total 1045504K, used 850061K [0x0000000088400000, 0x00000000c8100000, 0x00000000d8180000)
  object space 1045504K, 81% used [0x0000000088400000,0x00000000bc223550,0x00000000c8100000)
 Metaspace       used 21870K, capacity 22812K, committed 23040K, reserved 1069056K
  class space    used 2722K, capacity 2948K, committed 3072K, reserved 1048576K
}
Event: 68,954 GC heap before
{Heap before GC invocations=41 (full 7):
 PSYoungGen      total 247808K, used 157920K [0x00000000d8180000, 0x00000000f3100000, 0x0000000100000000)
  eden space 55296K, 100% used [0x00000000d8180000,0x00000000db780000,0x00000000db780000)
  from space 192512K, 53% used [0x00000000db780000,0x00000000e1bb8000,0x00000000e7380000)
  to   space 188928K, 0% used [0x00000000e7880000,0x00000000e7880000,0x00000000f3100000)
 ParOldGen       total 1045504K, used 850061K [0x0000000088400000, 0x00000000c8100000, 0x00000000d8180000)
  object space 1045504K, 81% used [0x0000000088400000,0x00000000bc223550,0x00000000c8100000)
 Metaspace       used 21870K, capacity 22812K, committed 23040K, reserved 1069056K
  class space    used 2722K, capacity 2948K, committed 3072K, reserved 1048576K
Event: 69,421 GC heap after
Heap after GC invocations=41 (full 7):
 PSYoungGen      total 243712K, used 55456K [0x00000000d8180000, 0x00000000f2700000, 0x0000000100000000)
  eden space 65024K, 0% used [0x00000000d8180000,0x00000000d8180000,0x00000000dc100000)
  from space 178688K, 31% used [0x00000000e7880000,0x00000000eaea8000,0x00000000f2700000)
  to   space 183296K, 0% used [0x00000000dc100000,0x00000000dc100000,0x00000000e7400000)
 ParOldGen       total 1045504K, used 952893K [0x0000000088400000, 0x00000000c8100000, 0x00000000d8180000)
  object space 1045504K, 91% used [0x0000000088400000,0x00000000c268f550,0x00000000c8100000)
 Metaspace       used 21870K, capacity 22812K, committed 23040K, reserved 1069056K
  class space    used 2722K, capacity 2948K, committed 3072K, reserved 1048576K
}
Event: 69,421 GC heap before
{Heap before GC invocations=42 (full 8):
 PSYoungGen      total 243712K, used 55456K [0x00000000d8180000, 0x00000000f2700000, 0x0000000100000000)
  eden space 65024K, 0% used [0x00000000d8180000,0x00000000d8180000,0x00000000dc100000)
  from space 178688K, 31% used [0x00000000e7880000,0x00000000eaea8000,0x00000000f2700000)
  to   space 183296K, 0% used [0x00000000dc100000,0x00000000dc100000,0x00000000e7400000)
 ParOldGen       total 1045504K, used 952893K [0x0000000088400000, 0x00000000c8100000, 0x00000000d8180000)
  object space 1045504K, 91% used [0x0000000088400000,0x00000000c268f550,0x00000000c8100000)
 Metaspace       used 21870K, capacity 22812K, committed 23040K, reserved 1069056K
  class space    used 2722K, capacity 2948K, committed 3072K, reserved 1048576K

