# JRE version: OpenJDK Runtime Environment (8.0_282-b08) (build 1.8.0_282-b08)
# Java VM: OpenJDK 64-Bit Server VM (25.282-b08 mixed mode linux-amd64 compressed oops)
Heap:
 PSYoungGen      total 349696K, used 80925K [0x00000000d8180000, 0x00000000fae00000, 0x0000000100000000)
  eden space 132096K, 0% used [0x00000000d8180000,0x00000000d8180000,0x00000000e0280000)
  from space 217600K, 37% used [0x00000000ed700000,0x00000000f26074e0,0x00000000fab80000)
  to   space 217600K, 0% used [0x00000000e0280000,0x00000000e0280000,0x00000000ed700000)
 ParOldGen       total 967680K, used 967298K [0x0000000088400000, 0x00000000c3500000, 0x00000000d8180000)
  object space 967680K, 99% used [0x0000000088400000,0x00000000c34a0b28,0x00000000c3500000)
 Metaspace       used 22150K, capacity 23100K, committed 23296K, reserved 1069056K
  class space    used 2732K, capacity 2952K, committed 3072K, reserved 1048576K
GC Heap History (10 events):
Event: 38,390 GC heap after
Heap after GC invocations=22 (full 5):
 PSYoungGen      total 273408K, used 178176K [0x00000000d8180000, 0x00000000f9880000, 0x0000000100000000)
  eden space 95232K, 0% used [0x00000000d8180000,0x00000000d8180000,0x00000000dde80000)
  from space 178176K, 100% used [0x00000000dde80000,0x00000000e8c80000,0x00000000e8c80000)
  to   space 217600K, 0% used [0x00000000ec400000,0x00000000ec400000,0x00000000f9880000)
 ParOldGen       total 617472K, used 509579K [0x0000000088400000, 0x00000000adf00000, 0x00000000d8180000)
  object space 617472K, 82% used [0x0000000088400000,0x00000000a75a2ed0,0x00000000adf00000)
 Metaspace       used 22150K, capacity 23100K, committed 23296K, reserved 1069056K
  class space    used 2732K, capacity 2952K, committed 3072K, reserved 1048576K
}
Event: 38,645 GC heap before
{Heap before GC invocations=23 (full 5):
 PSYoungGen      total 273408K, used 273408K [0x00000000d8180000, 0x00000000f9880000, 0x0000000100000000)
  eden space 95232K, 100% used [0x00000000d8180000,0x00000000dde80000,0x00000000dde80000)
  from space 178176K, 100% used [0x00000000dde80000,0x00000000e8c80000,0x00000000e8c80000)
  to   space 217600K, 0% used [0x00000000ec400000,0x00000000ec400000,0x00000000f9880000)
 ParOldGen       total 739328K, used 631265K [0x0000000088400000, 0x00000000b5600000, 0x00000000d8180000)
  object space 739328K, 85% used [0x0000000088400000,0x00000000aec78670,0x00000000b5600000)
 Metaspace       used 22150K, capacity 23100K, committed 23296K, reserved 1069056K
  class space    used 2732K, capacity 2952K, committed 3072K, reserved 1048576K
Event: 39,197 GC heap after
Heap after GC invocations=23 (full 5):
 PSYoungGen      total 330240K, used 217600K [0x00000000d8180000, 0x00000000f9a80000, 0x0000000100000000)
  eden space 112640K, 0% used [0x00000000d8180000,0x00000000d8180000,0x00000000def80000)
  from space 217600K, 100% used [0x00000000ec400000,0x00000000f9880000,0x00000000f9880000)
  to   space 217600K, 0% used [0x00000000def80000,0x00000000def80000,0x00000000ec400000)
 ParOldGen       total 739328K, used 687361K [0x0000000088400000, 0x00000000b5600000, 0x00000000d8180000)
  object space 739328K, 92% used [0x0000000088400000,0x00000000b2340670,0x00000000b5600000)
 Metaspace       used 22150K, capacity 23100K, committed 23296K, reserved 1069056K
  class space    used 2732K, capacity 2952K, committed 3072K, reserved 1048576K
}
Event: 39,197 GC heap before
{Heap before GC invocations=24 (full 6):
 PSYoungGen      total 330240K, used 217600K [0x00000000d8180000, 0x00000000f9a80000, 0x0000000100000000)
  eden space 112640K, 0% used [0x00000000d8180000,0x00000000d8180000,0x00000000def80000)
  from space 217600K, 100% used [0x00000000ec400000,0x00000000f9880000,0x00000000f9880000)
  to   space 217600K, 0% used [0x00000000def80000,0x00000000def80000,0x00000000ec400000)
 ParOldGen       total 739328K, used 687361K [0x0000000088400000, 0x00000000b5600000, 0x00000000d8180000)
  object space 739328K, 92% used [0x0000000088400000,0x00000000b2340670,0x00000000b5600000)
 Metaspace       used 22150K, capacity 23100K, committed 23296K, reserved 1069056K
  class space    used 2732K, capacity 2952K, committed 3072K, reserved 1048576K
Event: 42,654 GC heap after
Heap after GC invocations=24 (full 6):
 PSYoungGen      total 330240K, used 83886K [0x00000000d8180000, 0x00000000f9a80000, 0x0000000100000000)
  eden space 112640K, 0% used [0x00000000d8180000,0x00000000d8180000,0x00000000def80000)
  from space 217600K, 38% used [0x00000000ec400000,0x00000000f15eb800,0x00000000f9880000)
  to   space 217600K, 0% used [0x00000000def80000,0x00000000def80000,0x00000000ec400000)
 ParOldGen       total 967680K, used 739060K [0x0000000088400000, 0x00000000c3500000, 0x00000000d8180000)
  object space 967680K, 76% used [0x0000000088400000,0x00000000b55bd308,0x00000000c3500000)
 Metaspace       used 22150K, capacity 23100K, committed 23296K, reserved 1069056K
  class space    used 2732K, capacity 2952K, committed 3072K, reserved 1048576K
}
Event: 42,935 GC heap before
{Heap before GC invocations=25 (full 6):
 PSYoungGen      total 330240K, used 196526K [0x00000000d8180000, 0x00000000f9a80000, 0x0000000100000000)
  eden space 112640K, 100% used [0x00000000d8180000,0x00000000def80000,0x00000000def80000)
  from space 217600K, 38% used [0x00000000ec400000,0x00000000f15eb800,0x00000000f9880000)
  to   space 217600K, 0% used [0x00000000def80000,0x00000000def80000,0x00000000ec400000)
 ParOldGen       total 967680K, used 739060K [0x0000000088400000, 0x00000000c3500000, 0x00000000d8180000)
  object space 967680K, 76% used [0x0000000088400000,0x00000000b55bd308,0x00000000c3500000)
 Metaspace       used 22150K, capacity 23100K, committed 23296K, reserved 1069056K
  class space    used 2732K, capacity 2952K, committed 3072K, reserved 1048576K
Event: 43,562 GC heap after
Heap after GC invocations=25 (full 6):
 PSYoungGen      total 330240K, used 134400K [0x00000000d8180000, 0x00000000fab80000, 0x0000000100000000)
  eden space 112640K, 0% used [0x00000000d8180000,0x00000000d8180000,0x00000000def80000)
  from space 217600K, 61% used [0x00000000def80000,0x00000000e72c0000,0x00000000ec400000)
  to   space 217600K, 0% used [0x00000000ed700000,0x00000000ed700000,0x00000000fab80000)
 ParOldGen       total 967680K, used 801652K [0x0000000088400000, 0x00000000c3500000, 0x00000000d8180000)
  object space 967680K, 82% used [0x0000000088400000,0x00000000b92dd308,0x00000000c3500000)
 Metaspace       used 22150K, capacity 23100K, committed 23296K, reserved 1069056K
  class space    used 2732K, capacity 2952K, committed 3072K, reserved 1048576K
}
Event: 43,781 GC heap before
{Heap before GC invocations=26 (full 6):
 PSYoungGen      total 330240K, used 247040K [0x00000000d8180000, 0x00000000fab80000, 0x0000000100000000)
  eden space 112640K, 100% used [0x00000000d8180000,0x00000000def80000,0x00000000def80000)
  from space 217600K, 61% used [0x00000000def80000,0x00000000e72c0000,0x00000000ec400000)
  to   space 217600K, 0% used [0x00000000ed700000,0x00000000ed700000,0x00000000fab80000)
 ParOldGen       total 967680K, used 801652K [0x0000000088400000, 0x00000000c3500000, 0x00000000d8180000)
  object space 967680K, 82% used [0x0000000088400000,0x00000000b92dd308,0x00000000c3500000)
 Metaspace       used 22150K, capacity 23100K, committed 23296K, reserved 1069056K
  class space    used 2732K, capacity 2952K, committed 3072K, reserved 1048576K
Event: 44,642 GC heap after
Heap after GC invocations=26 (full 6):
 PSYoungGen      total 349696K, used 112864K [0x00000000d8180000, 0x00000000fae00000, 0x0000000100000000)
  eden space 132096K, 0% used [0x00000000d8180000,0x00000000d8180000,0x00000000e0280000)
  from space 217600K, 51% used [0x00000000ed700000,0x00000000f4538000,0x00000000fab80000)
  to   space 217600K, 0% used [0x00000000e0280000,0x00000000e0280000,0x00000000ed700000)
 ParOldGen       total 967680K, used 936404K [0x0000000088400000, 0x00000000c3500000, 0x00000000d8180000)
  object space 967680K, 96% used [0x0000000088400000,0x00000000c1675308,0x00000000c3500000)
 Metaspace       used 22150K, capacity 23100K, committed 23296K, reserved 1069056K
  class space    used 2732K, capacity 2952K, committed 3072K, reserved 1048576K
}
Event: 44,645 GC heap before
{Heap before GC invocations=27 (full 7):
 PSYoungGen      total 349696K, used 112864K [0x00000000d8180000, 0x00000000fae00000, 0x0000000100000000)
  eden space 132096K, 0% used [0x00000000d8180000,0x00000000d8180000,0x00000000e0280000)
  from space 217600K, 51% used [0x00000000ed700000,0x00000000f4538000,0x00000000fab80000)
  to   space 217600K, 0% used [0x00000000e0280000,0x00000000e0280000,0x00000000ed700000)
 ParOldGen       total 967680K, used 936404K [0x0000000088400000, 0x00000000c3500000, 0x00000000d8180000)
  object space 967680K, 96% used [0x0000000088400000,0x00000000c1675308,0x00000000c3500000)
 Metaspace       used 22150K, capacity 23100K, committed 23296K, reserved 1069056K
  class space    used 2732K, capacity 2952K, committed 3072K, reserved 1048576K

